This is pdfTeX, Version 3.14159265-2.6-1.40.21 (TeX Live 2020/W32TeX) (preloaded format=pdflatex 2020.11.6)  23 FEB 2022 12:32
entering extended mode
 restricted \write18 enabled.
 %&-line parsing enabled.
**OrdinationReview-SM.tex
(./OrdinationReview-SM.tex
LaTeX2e <2020-10-01> patch level 2
L3 programming layer <2020-10-27> xparse <2020-03-03> (c:/Users/Finn/AppData/Ro
aming/TinyTeX/texmf-dist/tex/latex/base/article.cls
Document Class: article 2020/04/10 v1.4m Standard LaTeX document class
(c:/Users/Finn/AppData/Roaming/TinyTeX/texmf-dist/tex/latex/base/size10.clo
File: size10.clo 2020/04/10 v1.4m Standard LaTeX file (size option)
)
\c@part=\count175
\c@section=\count176
\c@subsection=\count177
\c@subsubsection=\count178
\c@paragraph=\count179
\c@subparagraph=\count180
\c@figure=\count181
\c@table=\count182
\abovecaptionskip=\skip47
\belowcaptionskip=\skip48
\bibindent=\dimen138
)
(c:/Users/Finn/AppData/Roaming/TinyTeX/texmf-dist/tex/latex/amsmath/amsmath.sty
Package: amsmath 2020/09/23 v2.17i AMS math features
\@mathmargin=\skip49
For additional information on amsmath, use the `?' option.

(c:/Users/Finn/AppData/Roaming/TinyTeX/texmf-dist/tex/latex/amsmath/amstext.sty
Package: amstext 2000/06/29 v2.01 AMS text
(c:/Users/Finn/AppData/Roaming/TinyTeX/texmf-dist/tex/latex/amsmath/amsgen.sty
File: amsgen.sty 1999/11/30 v2.0 generic functions
\@emptytoks=\toks15
\ex@=\dimen139
)) (c:/Users/Finn/AppData/Roaming/TinyTeX/texmf-dist/tex/latex/amsmath/amsbsy.s
ty
Package: amsbsy 1999/11/29 v1.2d Bold Symbols
\pmbraise@=\dimen140
) (c:/Users/Finn/AppData/Roaming/TinyTeX/texmf-dist/tex/latex/amsmath/amsopn.st
y
Package: amsopn 2016/03/08 v2.02 operator names
)
\inf@bad=\count183
LaTeX Info: Redefining \frac on input line 234.
\uproot@=\count184
\leftroot@=\count185
LaTeX Info: Redefining \overline on input line 399.
\classnum@=\count186
\DOTSCASE@=\count187
LaTeX Info: Redefining \ldots on input line 496.
LaTeX Info: Redefining \dots on input line 499.
LaTeX Info: Redefining \cdots on input line 620.
\Mathstrutbox@=\box47
\strutbox@=\box48
\big@size=\dimen141
LaTeX Font Info:    Redeclaring font encoding OML on input line 743.
LaTeX Font Info:    Redeclaring font encoding OMS on input line 744.
\macc@depth=\count188
\c@MaxMatrixCols=\count189
\dotsspace@=\muskip16
\c@parentequation=\count190
\dspbrk@lvl=\count191
\tag@help=\toks16
\row@=\count192
\column@=\count193
\maxfields@=\count194
\andhelp@=\toks17
\eqnshift@=\dimen142
\alignsep@=\dimen143
\tagshift@=\dimen144
\tagwidth@=\dimen145
\totwidth@=\dimen146
\lineht@=\dimen147
\@envbody=\toks18
\multlinegap=\skip50
\multlinetaggap=\skip51
\mathdisplay@stack=\toks19
LaTeX Info: Redefining \[ on input line 2923.
LaTeX Info: Redefining \] on input line 2924.
)
(c:/Users/Finn/AppData/Roaming/TinyTeX/texmf-dist/tex/latex/amsfonts/amssymb.st
y
Package: amssymb 2013/01/14 v3.01 AMS font symbols

(c:/Users/Finn/AppData/Roaming/TinyTeX/texmf-dist/tex/latex/amsfonts/amsfonts.s
ty
Package: amsfonts 2013/01/14 v3.01 Basic AMSFonts support
\symAMSa=\mathgroup4
\symAMSb=\mathgroup5
LaTeX Font Info:    Redeclaring math symbol \hbar on input line 98.
LaTeX Font Info:    Overwriting math alphabet `\mathfrak' in version `bold'
(Font)                  U/euf/m/n --> U/euf/b/n on input line 106.
)) (c:/Users/Finn/AppData/Roaming/TinyTeX/texmf-dist/tex/latex/lm/lmodern.sty
Package: lmodern 2009/10/30 v1.6 Latin Modern Fonts
LaTeX Font Info:    Overwriting symbol font `operators' in version `normal'
(Font)                  OT1/cmr/m/n --> OT1/lmr/m/n on input line 22.
LaTeX Font Info:    Overwriting symbol font `letters' in version `normal'
(Font)                  OML/cmm/m/it --> OML/lmm/m/it on input line 23.
LaTeX Font Info:    Overwriting symbol font `symbols' in version `normal'
(Font)                  OMS/cmsy/m/n --> OMS/lmsy/m/n on input line 24.
LaTeX Font Info:    Overwriting symbol font `largesymbols' in version `normal'
(Font)                  OMX/cmex/m/n --> OMX/lmex/m/n on input line 25.
LaTeX Font Info:    Overwriting symbol font `operators' in version `bold'
(Font)                  OT1/cmr/bx/n --> OT1/lmr/bx/n on input line 26.
LaTeX Font Info:    Overwriting symbol font `letters' in version `bold'
(Font)                  OML/cmm/b/it --> OML/lmm/b/it on input line 27.
LaTeX Font Info:    Overwriting symbol font `symbols' in version `bold'
(Font)                  OMS/cmsy/b/n --> OMS/lmsy/b/n on input line 28.
LaTeX Font Info:    Overwriting symbol font `largesymbols' in version `bold'
(Font)                  OMX/cmex/m/n --> OMX/lmex/m/n on input line 29.
LaTeX Font Info:    Overwriting math alphabet `\mathbf' in version `normal'
(Font)                  OT1/cmr/bx/n --> OT1/lmr/bx/n on input line 31.
LaTeX Font Info:    Overwriting math alphabet `\mathsf' in version `normal'
(Font)                  OT1/cmss/m/n --> OT1/lmss/m/n on input line 32.
LaTeX Font Info:    Overwriting math alphabet `\mathit' in version `normal'
(Font)                  OT1/cmr/m/it --> OT1/lmr/m/it on input line 33.
LaTeX Font Info:    Overwriting math alphabet `\mathtt' in version `normal'
(Font)                  OT1/cmtt/m/n --> OT1/lmtt/m/n on input line 34.
LaTeX Font Info:    Overwriting math alphabet `\mathbf' in version `bold'
(Font)                  OT1/cmr/bx/n --> OT1/lmr/bx/n on input line 35.
LaTeX Font Info:    Overwriting math alphabet `\mathsf' in version `bold'
(Font)                  OT1/cmss/bx/n --> OT1/lmss/bx/n on input line 36.
LaTeX Font Info:    Overwriting math alphabet `\mathit' in version `bold'
(Font)                  OT1/cmr/bx/it --> OT1/lmr/bx/it on input line 37.
LaTeX Font Info:    Overwriting math alphabet `\mathtt' in version `bold'
(Font)                  OT1/cmtt/m/n --> OT1/lmtt/m/n on input line 38.
) (c:/Users/Finn/AppData/Roaming/TinyTeX/texmf-dist/tex/generic/iftex/iftex.sty
Package: iftex 2020/03/06 v1.0d TeX engine tests
) (c:/Users/Finn/AppData/Roaming/TinyTeX/texmf-dist/tex/latex/base/fontenc.sty
Package: fontenc 2020/08/10 v2.0s Standard LaTeX package
LaTeX Font Info:    Trying to load font information for T1+lmr on input line 11
2.
(c:/Users/Finn/AppData/Roaming/TinyTeX/texmf-dist/tex/latex/lm/t1lmr.fd
File: t1lmr.fd 2009/10/30 v1.6 Font defs for Latin Modern
)) (c:/Users/Finn/AppData/Roaming/TinyTeX/texmf-dist/tex/latex/base/inputenc.st
y
Package: inputenc 2020/08/01 v1.3d Input encoding file
\inpenc@prehook=\toks20
\inpenc@posthook=\toks21
) (c:/Users/Finn/AppData/Roaming/TinyTeX/texmf-dist/tex/latex/base/textcomp.sty
Package: textcomp 2020/02/02 v2.0n Standard LaTeX package
)
(c:/Users/Finn/AppData/Roaming/TinyTeX/texmf-dist/tex/latex/upquote/upquote.sty
Package: upquote 2012/04/19 v1.3 upright-quote and grave-accent glyphs in verba
tim
)
(c:/Users/Finn/AppData/Roaming/TinyTeX/texmf-dist/tex/latex/microtype/microtype
.sty
Package: microtype 2019/11/18 v2.7d Micro-typographical refinements (RS)

(c:/Users/Finn/AppData/Roaming/TinyTeX/texmf-dist/tex/latex/graphics/keyval.sty
Package: keyval 2014/10/28 v1.15 key=value parser (DPC)
\KV@toks@=\toks22
)
\MT@toks=\toks23
\MT@count=\count195
LaTeX Info: Redefining \textls on input line 790.
\MT@outer@kern=\dimen148
LaTeX Info: Redefining \textmicrotypecontext on input line 1354.
\MT@listname@count=\count196

(c:/Users/Finn/AppData/Roaming/TinyTeX/texmf-dist/tex/latex/microtype/microtype
-pdftex.def
File: microtype-pdftex.def 2019/11/18 v2.7d Definitions specific to pdftex (RS)

LaTeX Info: Redefining \lsstyle on input line 914.
LaTeX Info: Redefining \lslig on input line 914.
\MT@outer@space=\skip52
)
Package microtype Info: Loading configuration file microtype.cfg.

(c:/Users/Finn/AppData/Roaming/TinyTeX/texmf-dist/tex/latex/microtype/microtype
.cfg
File: microtype.cfg 2019/11/18 v2.7d microtype main configuration file (RS)
)) (c:/Users/Finn/AppData/Roaming/TinyTeX/texmf-dist/tex/latex/xcolor/xcolor.st
y
Package: xcolor 2016/05/11 v2.12 LaTeX color extensions (UK)

(c:/Users/Finn/AppData/Roaming/TinyTeX/texmf-dist/tex/latex/graphics-cfg/color.
cfg
File: color.cfg 2016/01/02 v1.6 sample color configuration
)
Package xcolor Info: Driver file: pdftex.def on input line 225.

(c:/Users/Finn/AppData/Roaming/TinyTeX/texmf-dist/tex/latex/graphics-def/pdftex
.def
File: pdftex.def 2020/10/05 v1.2a Graphics/color driver for pdftex
)
Package xcolor Info: Model `cmy' substituted by `cmy0' on input line 1348.
Package xcolor Info: Model `hsb' substituted by `rgb' on input line 1352.
Package xcolor Info: Model `RGB' extended on input line 1364.
Package xcolor Info: Model `HTML' substituted by `rgb' on input line 1366.
Package xcolor Info: Model `Hsb' substituted by `hsb' on input line 1367.
Package xcolor Info: Model `tHsb' substituted by `hsb' on input line 1368.
Package xcolor Info: Model `HSB' substituted by `hsb' on input line 1369.
Package xcolor Info: Model `Gray' substituted by `gray' on input line 1370.
Package xcolor Info: Model `wave' substituted by `hsb' on input line 1371.
)
(c:/Users/Finn/AppData/Roaming/TinyTeX/texmf-dist/tex/latex/bookmark/bookmark.s
ty
Package: bookmark 2020-11-06 v1.29 PDF bookmarks (HO)

(c:/Users/Finn/AppData/Roaming/TinyTeX/texmf-dist/tex/latex/hyperref/hyperref.s
ty
Package: hyperref 2020-05-15 v7.00e Hypertext links for LaTeX

(c:/Users/Finn/AppData/Roaming/TinyTeX/texmf-dist/tex/generic/ltxcmds/ltxcmds.s
ty
Package: ltxcmds 2020-05-10 v1.25 LaTeX kernel commands for general use (HO)
)
(c:/Users/Finn/AppData/Roaming/TinyTeX/texmf-dist/tex/generic/pdftexcmds/pdftex
cmds.sty
Package: pdftexcmds 2020-06-27 v0.33 Utility functions of pdfTeX for LuaTeX (HO
)

(c:/Users/Finn/AppData/Roaming/TinyTeX/texmf-dist/tex/generic/infwarerr/infware
rr.sty
Package: infwarerr 2019/12/03 v1.5 Providing info/warning/error messages (HO)
)
Package pdftexcmds Info: \pdf@primitive is available.
Package pdftexcmds Info: \pdf@ifprimitive is available.
Package pdftexcmds Info: \pdfdraftmode found.
)
(c:/Users/Finn/AppData/Roaming/TinyTeX/texmf-dist/tex/generic/kvsetkeys/kvsetke
ys.sty
Package: kvsetkeys 2019/12/15 v1.18 Key value parser (HO)
)
(c:/Users/Finn/AppData/Roaming/TinyTeX/texmf-dist/tex/generic/kvdefinekeys/kvde
finekeys.sty
Package: kvdefinekeys 2019-12-19 v1.6 Define keys (HO)
)
(c:/Users/Finn/AppData/Roaming/TinyTeX/texmf-dist/tex/generic/pdfescape/pdfesca
pe.sty
Package: pdfescape 2019/12/09 v1.15 Implements pdfTeX's escape features (HO)
)
(c:/Users/Finn/AppData/Roaming/TinyTeX/texmf-dist/tex/latex/hycolor/hycolor.sty
Package: hycolor 2020-01-27 v1.10 Color options for hyperref/bookmark (HO)
)
(c:/Users/Finn/AppData/Roaming/TinyTeX/texmf-dist/tex/latex/letltxmacro/letltxm
acro.sty
Package: letltxmacro 2019/12/03 v1.6 Let assignment for LaTeX macros (HO)
)
(c:/Users/Finn/AppData/Roaming/TinyTeX/texmf-dist/tex/latex/auxhook/auxhook.sty
Package: auxhook 2019-12-17 v1.6 Hooks for auxiliary files (HO)
)
(c:/Users/Finn/AppData/Roaming/TinyTeX/texmf-dist/tex/latex/kvoptions/kvoptions
.sty
Package: kvoptions 2020-10-07 v3.14 Key value format for package options (HO)
)
\@linkdim=\dimen149
\Hy@linkcounter=\count197
\Hy@pagecounter=\count198

(c:/Users/Finn/AppData/Roaming/TinyTeX/texmf-dist/tex/latex/hyperref/pd1enc.def
File: pd1enc.def 2020-05-15 v7.00e Hyperref: PDFDocEncoding definition (HO)
Now handling font encoding PD1 ...
... no UTF-8 mapping file for font encoding PD1
)
(c:/Users/Finn/AppData/Roaming/TinyTeX/texmf-dist/tex/generic/intcalc/intcalc.s
ty
Package: intcalc 2019/12/15 v1.3 Expandable calculations with integers (HO)
)
(c:/Users/Finn/AppData/Roaming/TinyTeX/texmf-dist/tex/generic/etexcmds/etexcmds
.sty
Package: etexcmds 2019/12/15 v1.7 Avoid name clashes with e-TeX commands (HO)
)
\Hy@SavedSpaceFactor=\count199
Package hyperref Info: Option `unicode' set `true' on input line 4338.
(c:/Users/Finn/AppData/Roaming/TinyTeX/texmf-dist/tex/latex/hyperref/puenc.def
File: puenc.def 2020-05-15 v7.00e Hyperref: PDF Unicode definition (HO)
Now handling font encoding PU ...
... no UTF-8 mapping file for font encoding PU
)
Package hyperref Info: Hyper figures OFF on input line 4464.
Package hyperref Info: Link nesting OFF on input line 4469.
Package hyperref Info: Hyper index ON on input line 4472.
Package hyperref Info: Plain pages OFF on input line 4479.
Package hyperref Info: Backreferencing OFF on input line 4484.
Package hyperref Info: Implicit mode ON; LaTeX internals redefined.
Package hyperref Info: Bookmarks ON on input line 4717.
\c@Hy@tempcnt=\count266
(c:/Users/Finn/AppData/Roaming/TinyTeX/texmf-dist/tex/latex/url/url.sty
\Urlmuskip=\muskip17
Package: url 2013/09/16  ver 3.4  Verb mode for urls, etc.
)
LaTeX Info: Redefining \url on input line 5076.
\XeTeXLinkMargin=\dimen150

(c:/Users/Finn/AppData/Roaming/TinyTeX/texmf-dist/tex/generic/bitset/bitset.sty
Package: bitset 2019/12/09 v1.3 Handle bit-vector datatype (HO)

(c:/Users/Finn/AppData/Roaming/TinyTeX/texmf-dist/tex/generic/bigintcalc/bigint
calc.sty
Package: bigintcalc 2019/12/15 v1.5 Expandable calculations on big integers (HO
)
))
\Fld@menulength=\count267
\Field@Width=\dimen151
\Fld@charsize=\dimen152
Package hyperref Info: Hyper figures OFF on input line 6347.
Package hyperref Info: Link nesting OFF on input line 6352.
Package hyperref Info: Hyper index ON on input line 6355.
Package hyperref Info: backreferencing OFF on input line 6362.
Package hyperref Info: Link coloring OFF on input line 6367.
Package hyperref Info: Link coloring with OCG OFF on input line 6372.
Package hyperref Info: PDF/A mode OFF on input line 6377.
LaTeX Info: Redefining \ref on input line 6417.
LaTeX Info: Redefining \pageref on input line 6421.

(c:/Users/Finn/AppData/Roaming/TinyTeX/texmf-dist/tex/latex/base/atbegshi-ltx.s
ty
Package: atbegshi-ltx 2020/08/17 v1.0a Emulation of the original atbegshi packa
ge
with kernel methods
)
\Hy@abspage=\count268
\c@Item=\count269
\c@Hfootnote=\count270
)
Package hyperref Info: Driver (autodetected): hpdftex.

(c:/Users/Finn/AppData/Roaming/TinyTeX/texmf-dist/tex/latex/hyperref/hpdftex.de
f
File: hpdftex.def 2020-05-15 v7.00e Hyperref driver for pdfTeX

(c:/Users/Finn/AppData/Roaming/TinyTeX/texmf-dist/tex/latex/base/atveryend-ltx.
sty
Package: atveryend-ltx 2020/08/19 v1.0a Emulation of the original atvery packag
e
with kernel methods
)
\Fld@listcount=\count271
\c@bookmark@seq@number=\count272

(c:/Users/Finn/AppData/Roaming/TinyTeX/texmf-dist/tex/latex/rerunfilecheck/reru
nfilecheck.sty
Package: rerunfilecheck 2019/12/05 v1.9 Rerun checks for auxiliary files (HO)

(c:/Users/Finn/AppData/Roaming/TinyTeX/texmf-dist/tex/generic/uniquecounter/uni
quecounter.sty
Package: uniquecounter 2019/12/15 v1.4 Provide unlimited unique counter (HO)
)
Package uniquecounter Info: New unique counter `rerunfilecheck' on input line 2
86.
)
\Hy@SectionHShift=\skip53
)
(c:/Users/Finn/AppData/Roaming/TinyTeX/texmf-dist/tex/latex/bookmark/bkm-pdftex
.def
File: bkm-pdftex.def 2020-11-06 v1.29 bookmark driver for pdfTeX (HO)
\BKM@id=\count273
))
(c:/Users/Finn/AppData/Roaming/TinyTeX/texmf-dist/tex/latex/geometry/geometry.s
ty
Package: geometry 2020/01/02 v5.9 Page Geometry
(c:/Users/Finn/AppData/Roaming/TinyTeX/texmf-dist/tex/generic/iftex/ifvtex.sty
Package: ifvtex 2019/10/25 v1.7 ifvtex legacy package. Use iftex instead.
)
\Gm@cnth=\count274
\Gm@cntv=\count275
\c@Gm@tempcnt=\count276
\Gm@bindingoffset=\dimen153
\Gm@wd@mp=\dimen154
\Gm@odd@mp=\dimen155
\Gm@even@mp=\dimen156
\Gm@layoutwidth=\dimen157
\Gm@layoutheight=\dimen158
\Gm@layouthoffset=\dimen159
\Gm@layoutvoffset=\dimen160
\Gm@dimlist=\toks24
)
(c:/Users/Finn/AppData/Roaming/TinyTeX/texmf-dist/tex/latex/fancyvrb/fancyvrb.s
ty
Package: fancyvrb 2020/05/03 v3.6 verbatim text (tvz,hv)
\FV@CodeLineNo=\count277
\FV@InFile=\read2
\FV@TabBox=\box49
\c@FancyVerbLine=\count278
\FV@StepNumber=\count279
\FV@OutFile=\write3
) (c:/Users/Finn/AppData/Roaming/TinyTeX/texmf-dist/tex/latex/framed/framed.sty
Package: framed 2011/10/22 v 0.96: framed or shaded text with page breaks
\OuterFrameSep=\skip54
\fb@frw=\dimen161
\fb@frh=\dimen162
\FrameRule=\dimen163
\FrameSep=\dimen164
)
(c:/Users/Finn/AppData/Roaming/TinyTeX/texmf-dist/tex/latex/graphics/graphicx.s
ty
Package: graphicx 2020/09/09 v1.2b Enhanced LaTeX Graphics (DPC,SPQR)

(c:/Users/Finn/AppData/Roaming/TinyTeX/texmf-dist/tex/latex/graphics/graphics.s
ty
Package: graphics 2020/08/30 v1.4c Standard LaTeX Graphics (DPC,SPQR)
(c:/Users/Finn/AppData/Roaming/TinyTeX/texmf-dist/tex/latex/graphics/trig.sty
Package: trig 2016/01/03 v1.10 sin cos tan (DPC)
)
(c:/Users/Finn/AppData/Roaming/TinyTeX/texmf-dist/tex/latex/graphics-cfg/graphi
cs.cfg
File: graphics.cfg 2016/06/04 v1.11 sample graphics configuration
)
Package graphics Info: Driver file: pdftex.def on input line 105.
)
\Gin@req@height=\dimen165
\Gin@req@width=\dimen166
)
\cslhangindent=\skip55
\csllabelwidth=\skip56
\cslentryspacingunit=\skip57
(c:/Users/Finn/AppData/Roaming/TinyTeX/texmf-dist/tex/latex/tools/calc.sty
Package: calc 2017/05/25 v4.3 Infix arithmetic (KKT,FJ)
\calc@Acount=\count280
\calc@Bcount=\count281
\calc@Adimen=\dimen167
\calc@Bdimen=\dimen168
\calc@Askip=\skip58
\calc@Bskip=\skip59
LaTeX Info: Redefining \setlength on input line 80.
LaTeX Info: Redefining \addtolength on input line 81.
\calc@Ccount=\count282
\calc@Cskip=\skip60
) (c:/Users/Finn/AppData/Roaming/TinyTeX/texmf-dist/tex/latex/float/float.sty
Package: float 2001/11/08 v1.3d Float enhancements (AL)
\c@float@type=\count283
\float@exts=\toks25
\float@box=\box50
\@float@everytoks=\toks26
\@floatcapt=\box51
)
(c:/Users/Finn/AppData/Roaming/TinyTeX/texmf-dist/tex/latex/l3backend/l3backend
-pdftex.def
File: l3backend-pdftex.def 2020-09-24 L3 backend support: PDF output (pdfTeX)
\l__kernel_color_stack_int=\count284
\l__pdf_internal_box=\box52
) (./OrdinationReview-SM.aux)
\openout1 = `OrdinationReview-SM.aux'.

LaTeX Font Info:    Checking defaults for OML/cmm/m/it on input line 135.
LaTeX Font Info:    ... okay on input line 135.
LaTeX Font Info:    Checking defaults for OMS/cmsy/m/n on input line 135.
LaTeX Font Info:    ... okay on input line 135.
LaTeX Font Info:    Checking defaults for OT1/cmr/m/n on input line 135.
LaTeX Font Info:    ... okay on input line 135.
LaTeX Font Info:    Checking defaults for T1/cmr/m/n on input line 135.
LaTeX Font Info:    ... okay on input line 135.
LaTeX Font Info:    Checking defaults for TS1/cmr/m/n on input line 135.
LaTeX Font Info:    ... okay on input line 135.
LaTeX Font Info:    Checking defaults for OMX/cmex/m/n on input line 135.
LaTeX Font Info:    ... okay on input line 135.
LaTeX Font Info:    Checking defaults for U/cmr/m/n on input line 135.
LaTeX Font Info:    ... okay on input line 135.
LaTeX Font Info:    Checking defaults for PD1/pdf/m/n on input line 135.
LaTeX Font Info:    ... okay on input line 135.
LaTeX Font Info:    Checking defaults for PU/pdf/m/n on input line 135.
LaTeX Font Info:    ... okay on input line 135.
LaTeX Info: Redefining \microtypecontext on input line 135.
Package microtype Info: Generating PDF output.
Package microtype Info: Character protrusion enabled (level 2).
Package microtype Info: Using protrusion set `basicmath'.
Package microtype Info: Automatic font expansion enabled (level 2),
(microtype)             stretch: 20, shrink: 20, step: 1, non-selected.
Package microtype Info: Using default expansion set `basictext'.
LaTeX Info: Redefining \showhyphens on input line 135.
Package microtype Info: No adjustment of tracking.
Package microtype Info: No adjustment of interword spacing.
Package microtype Info: No adjustment of character kerning.

(c:/Users/Finn/AppData/Roaming/TinyTeX/texmf-dist/tex/latex/microtype/mt-cmr.cf
g
File: mt-cmr.cfg 2013/05/19 v2.2 microtype config. file: Computer Modern Roman 
(RS)
)
(c:/Users/Finn/AppData/Roaming/TinyTeX/texmf-dist/tex/latex/epstopdf-pkg/epstop
df-base.sty
Package: epstopdf-base 2020-01-24 v2.11 Base part for package epstopdf
Package epstopdf-base Info: Redefining graphics rule for `.eps' on input line 4
85.

(c:/Users/Finn/AppData/Roaming/TinyTeX/texmf-dist/tex/latex/latexconfig/epstopd
f-sys.cfg
File: epstopdf-sys.cfg 2010/07/13 v1.3 Configuration of (r)epstopdf for TeX Liv
e
))
Package hyperref Info: Link coloring OFF on input line 135.

(c:/Users/Finn/AppData/Roaming/TinyTeX/texmf-dist/tex/latex/hyperref/nameref.st
y
Package: nameref 2019/09/16 v2.46 Cross-referencing by name of section

(c:/Users/Finn/AppData/Roaming/TinyTeX/texmf-dist/tex/latex/refcount/refcount.s
ty
Package: refcount 2019/12/15 v3.6 Data extraction from label references (HO)
)
(c:/Users/Finn/AppData/Roaming/TinyTeX/texmf-dist/tex/generic/gettitlestring/ge
ttitlestring.sty
Package: gettitlestring 2019/12/15 v1.6 Cleanup title references (HO)
)
\c@section@level=\count285
)
LaTeX Info: Redefining \ref on input line 135.
LaTeX Info: Redefining \pageref on input line 135.
LaTeX Info: Redefining \nameref on input line 135.
*geometry* driver: auto-detecting
*geometry* detected driver: pdftex
*geometry* verbose mode - [ preamble ] result:
* driver: pdftex
* paper: <default>
* layout: <same size as paper>
* layoutoffset:(h,v)=(0.0pt,0.0pt)
* modes: 
* h-part:(L,W,R)=(72.26999pt, 469.75502pt, 72.26999pt)
* v-part:(T,H,B)=(72.26999pt, 650.43001pt, 72.26999pt)
* \paperwidth=614.295pt
* \paperheight=794.96999pt
* \textwidth=469.75502pt
* \textheight=650.43001pt
* \oddsidemargin=0.0pt
* \evensidemargin=0.0pt
* \topmargin=-37.0pt
* \headheight=12.0pt
* \headsep=25.0pt
* \topskip=10.0pt
* \footskip=30.0pt
* \marginparwidth=65.0pt
* \marginparsep=11.0pt
* \columnsep=10.0pt
* \skip\footins=9.0pt plus 4.0pt minus 2.0pt
* \hoffset=0.0pt
* \voffset=0.0pt
* \mag=1000
* \@twocolumnfalse
* \@twosidefalse
* \@mparswitchfalse
* \@reversemarginfalse
* (1in=72.27pt=25.4mm, 1cm=28.453pt)

LaTeX Font Info:    Trying to load font information for OT1+lmr on input line 1
37.
(c:/Users/Finn/AppData/Roaming/TinyTeX/texmf-dist/tex/latex/lm/ot1lmr.fd
File: ot1lmr.fd 2009/10/30 v1.6 Font defs for Latin Modern
)
LaTeX Font Info:    Trying to load font information for OML+lmm on input line 1
37.
(c:/Users/Finn/AppData/Roaming/TinyTeX/texmf-dist/tex/latex/lm/omllmm.fd
File: omllmm.fd 2009/10/30 v1.6 Font defs for Latin Modern
)
LaTeX Font Info:    Trying to load font information for OMS+lmsy on input line 
137.
(c:/Users/Finn/AppData/Roaming/TinyTeX/texmf-dist/tex/latex/lm/omslmsy.fd
File: omslmsy.fd 2009/10/30 v1.6 Font defs for Latin Modern
)
LaTeX Font Info:    Trying to load font information for OMX+lmex on input line 
137.
(c:/Users/Finn/AppData/Roaming/TinyTeX/texmf-dist/tex/latex/lm/omxlmex.fd
File: omxlmex.fd 2009/10/30 v1.6 Font defs for Latin Modern
)
LaTeX Font Info:    External font `lmex10' loaded for size
(Font)              <12> on input line 137.
LaTeX Font Info:    External font `lmex10' loaded for size
(Font)              <8> on input line 137.
LaTeX Font Info:    External font `lmex10' loaded for size
(Font)              <6> on input line 137.
LaTeX Font Info:    Trying to load font information for U+msa on input line 137
.
(c:/Users/Finn/AppData/Roaming/TinyTeX/texmf-dist/tex/latex/amsfonts/umsa.fd
File: umsa.fd 2013/01/14 v3.01 AMS symbols A
)
(c:/Users/Finn/AppData/Roaming/TinyTeX/texmf-dist/tex/latex/microtype/mt-msa.cf
g
File: mt-msa.cfg 2006/02/04 v1.1 microtype config. file: AMS symbols (a) (RS)
)
LaTeX Font Info:    Trying to load font information for U+msb on input line 137
.
(c:/Users/Finn/AppData/Roaming/TinyTeX/texmf-dist/tex/latex/amsfonts/umsb.fd
File: umsb.fd 2013/01/14 v3.01 AMS symbols B
)
(c:/Users/Finn/AppData/Roaming/TinyTeX/texmf-dist/tex/latex/microtype/mt-msb.cf
g
File: mt-msb.cfg 2005/06/01 v1.0 microtype config. file: AMS symbols (b) (RS)
)
LaTeX Font Info:    Trying to load font information for TS1+lmr on input line 1
44.
(c:/Users/Finn/AppData/Roaming/TinyTeX/texmf-dist/tex/latex/lm/ts1lmr.fd
File: ts1lmr.fd 2009/10/30 v1.6 Font defs for Latin Modern
)
LaTeX Font Info:    Trying to load font information for T1+lmtt on input line 1
67.
(c:/Users/Finn/AppData/Roaming/TinyTeX/texmf-dist/tex/latex/lm/t1lmtt.fd
File: t1lmtt.fd 2009/10/30 v1.6 Font defs for Latin Modern
)
LaTeX Font Info:    Font shape `T1/lmtt/bx/n' in size <10> not available
(Font)              Font shape `T1/lmtt/b/n' tried instead on input line 186.
[1

{c:/Users/Finn/AppData/Roaming/TinyTeX/texmf-var/fonts/map/pdftex/updmap/pdftex
.map}] [2]
LaTeX Font Info:    Trying to load font information for TS1+lmtt on input line 
294.
(c:/Users/Finn/AppData/Roaming/TinyTeX/texmf-dist/tex/latex/lm/ts1lmtt.fd
File: ts1lmtt.fd 2009/10/30 v1.6 Font defs for Latin Modern
) [3]
<OrdinationReview-SM_files/figure-latex/plotVis-1.pdf, id=34, 578.16pt x 289.08
pt>
File: OrdinationReview-SM_files/figure-latex/plotVis-1.pdf Graphic file (type p
df)
<use OrdinationReview-SM_files/figure-latex/plotVis-1.pdf>
Package pdftex.def Info: OrdinationReview-SM_files/figure-latex/plotVis-1.pdf  
used on input line 364.
(pdftex.def)             Requested size: 469.75385pt x 234.8769pt.
[4pdfTeX warning (ext4): destination with the same identifier (name{figure.1}) 
has been already used, duplicate ignored
<argument> ...shipout:D \box_use:N \l_shipout_box 
                                                  
l.376 \begin{Shaded}
                     <./OrdinationReview-SM_files/figure-latex/plotVis-1.pdf>]
<OrdinationReview-SM_files/figure-latex/plotVis2-1.pdf, id=49, 578.16pt x 289.0
8pt>
File: OrdinationReview-SM_files/figure-latex/plotVis2-1.pdf Graphic file (type 
pdf)
<use OrdinationReview-SM_files/figure-latex/plotVis2-1.pdf>
Package pdftex.def Info: OrdinationReview-SM_files/figure-latex/plotVis2-1.pdf 
 used on input line 410.
(pdftex.def)             Requested size: 469.75385pt x 234.8769pt.
[5pdfTeX warning (ext4): destination with the same identifier (name{figure.2}) 
has been already used, duplicate ignored
<argument> ...shipout:D \box_use:N \l_shipout_box 
                                                  
l.434 
       <./OrdinationReview-SM_files/figure-latex/plotVis2-1.pdf>]

LaTeX Font Warning: Font shape `T1/lmtt/bx/it' in size <10> not available
(Font)              Font shape `T1/lmtt/b/sl' tried instead on input line 482.

[6]
<OrdinationReview-SM_files/figure-latex/plotVis3-1.pdf, id=76, 722.7pt x 578.16
pt>
File: OrdinationReview-SM_files/figure-latex/plotVis3-1.pdf Graphic file (type 
pdf)
<use OrdinationReview-SM_files/figure-latex/plotVis3-1.pdf>
Package pdftex.def Info: OrdinationReview-SM_files/figure-latex/plotVis3-1.pdf 
 used on input line 525.
(pdftex.def)             Requested size: 469.76045pt x 375.80836pt.
[7] [8pdfTeX warning (ext4): destination with the same identifier (name{figure.
3}) has been already used, duplicate ignored
<argument> ...shipout:D \box_use:N \l_shipout_box 
                                                  
l.584 \end{Shaded}
                   <./OrdinationReview-SM_files/figure-latex/plotVis3-1.pdf>]
<OrdinationReview-SM_files/figure-latex/plotnMDSLee-1.pdf, id=93, 578.16pt x 57
8.16pt>
File: OrdinationReview-SM_files/figure-latex/plotnMDSLee-1.pdf Graphic file (ty
pe pdf)
<use OrdinationReview-SM_files/figure-latex/plotnMDSLee-1.pdf>
Package pdftex.def Info: OrdinationReview-SM_files/figure-latex/plotnMDSLee-1.p
df  used on input line 598.
(pdftex.def)             Requested size: 469.75385pt x 469.75385pt.
[9] [10pdfTeX warning (ext4): destination with the same identifier (name{figure
.4}) has been already used, duplicate ignored
<argument> ...shipout:D \box_use:N \l_shipout_box 
                                                  
l.626 \end{Shaded}
                   <./OrdinationReview-SM_files/figure-latex/plotnMDSLee-1.pdf>
]
<OrdinationReview-SM_files/figure-latex/invertSurface-1.pdf, id=117, 578.16pt x
 578.16pt>
File: OrdinationReview-SM_files/figure-latex/invertSurface-1.pdf Graphic file (
type pdf)
<use OrdinationReview-SM_files/figure-latex/invertSurface-1.pdf>
Package pdftex.def Info: OrdinationReview-SM_files/figure-latex/invertSurface-1
.pdf  used on input line 642.
(pdftex.def)             Requested size: 469.75385pt x 469.75385pt.
[11]
<OrdinationReview-SM_files/figure-latex/plotnMDSAotea1-1.pdf, id=122, 578.16pt 
x 433.62pt>
File: OrdinationReview-SM_files/figure-latex/plotnMDSAotea1-1.pdf Graphic file 
(type pdf)
<use OrdinationReview-SM_files/figure-latex/plotnMDSAotea1-1.pdf>
Package pdftex.def Info: OrdinationReview-SM_files/figure-latex/plotnMDSAotea1-
1.pdf  used on input line 666.
(pdftex.def)             Requested size: 469.75385pt x 352.31538pt.
[12pdfTeX warning (ext4): destination with the same identifier (name{figure.5})
 has been already used, duplicate ignored
<argument> ...shipout:D \box_use:N \l_shipout_box 
                                                  
l.669 
       <./OrdinationReview-SM_files/figure-latex/invertSurface-1.pdf>]
<OrdinationReview-SM_files/figure-latex/plotnMDSAotea2-1.pdf, id=137, 469.755pt
 x 325.215pt>
File: OrdinationReview-SM_files/figure-latex/plotnMDSAotea2-1.pdf Graphic file 
(type pdf)
<use OrdinationReview-SM_files/figure-latex/plotnMDSAotea2-1.pdf>
Package pdftex.def Info: OrdinationReview-SM_files/figure-latex/plotnMDSAotea2-
1.pdf  used on input line 672.
(pdftex.def)             Requested size: 469.75386pt x 325.2142pt.
[13pdfTeX warning (ext4): destination with the same identifier (name{figure.6})
 has been already used, duplicate ignored
<argument> ...shipout:D \box_use:N \l_shipout_box 
                                                  
l.676 
       <./OrdinationReview-SM_files/figure-latex/plotnMDSAotea1-1.pdf>] [14pdfT
eX warning (ext4): destination with the same identifier (name{figure.7}) has be
en already used, duplicate ignored
<argument> ...shipout:D \box_use:N \l_shipout_box 
                                                  
l.720 \end{verbatim}
                     <./OrdinationReview-SM_files/figure-latex/plotnMDSAotea2-1
.pdf>]
<OrdinationReview-SM_files/figure-latex/unnamed-chunk-2-1.pdf, id=172, 469.755p
t x 325.215pt>
File: OrdinationReview-SM_files/figure-latex/unnamed-chunk-2-1.pdf Graphic file
 (type pdf)
<use OrdinationReview-SM_files/figure-latex/unnamed-chunk-2-1.pdf>
Package pdftex.def Info: OrdinationReview-SM_files/figure-latex/unnamed-chunk-2
-1.pdf  used on input line 754.
(pdftex.def)             Requested size: 469.75386pt x 325.2142pt.
[15]
<OrdinationReview-SM_files/figure-latex/unnamed-chunk-3-1.pdf, id=177, 469.755p
t x 325.215pt>
File: OrdinationReview-SM_files/figure-latex/unnamed-chunk-3-1.pdf Graphic file
 (type pdf)
<use OrdinationReview-SM_files/figure-latex/unnamed-chunk-3-1.pdf>
Package pdftex.def Info: OrdinationReview-SM_files/figure-latex/unnamed-chunk-3
-1.pdf  used on input line 784.
(pdftex.def)             Requested size: 469.75386pt x 325.2142pt.
[16pdfTeX warning (ext4): destination with the same identifier (name{figure.8})
 has been already used, duplicate ignored
<argument> ...shipout:D \box_use:N \l_shipout_box 
                                                  
l.788 
       <./OrdinationReview-SM_files/figure-latex/unnamed-chunk-2-1.pdf>]
LaTeX Font Info:    External font `lmex10' loaded for size
(Font)              <10> on input line 806.
LaTeX Font Info:    External font `lmex10' loaded for size
(Font)              <7> on input line 806.
LaTeX Font Info:    External font `lmex10' loaded for size
(Font)              <5> on input line 806.
[17pdfTeX warning (ext4): destination with the same identifier (name{figure.9})
 has been already used, duplicate ignored
<argument> ...shipout:D \box_use:N \l_shipout_box 
                                                  
l.826 
       <./OrdinationReview-SM_files/figure-latex/unnamed-chunk-3-1.pdf>]
<OrdinationReview-SM_files/figure-latex/unnamed-chunk-4-1.pdf, id=205, 578.16pt
 x 578.16pt>
File: OrdinationReview-SM_files/figure-latex/unnamed-chunk-4-1.pdf Graphic file
 (type pdf)
<use OrdinationReview-SM_files/figure-latex/unnamed-chunk-4-1.pdf>
Package pdftex.def Info: OrdinationReview-SM_files/figure-latex/unnamed-chunk-4
-1.pdf  used on input line 842.
(pdftex.def)             Requested size: 469.75385pt x 469.75385pt.
[18] [19pdfTeX warning (ext4): destination with the same identifier (name{figur
e.10}) has been already used, duplicate ignored
<argument> ...shipout:D \box_use:N \l_shipout_box 
                                                  
l.870 \end{Shaded}
                   <./OrdinationReview-SM_files/figure-latex/unnamed-chunk-4-1.
pdf>]
<OrdinationReview-SM_files/figure-latex/unnamed-chunk-5-1.pdf, id=221, 578.16pt
 x 578.16pt>
File: OrdinationReview-SM_files/figure-latex/unnamed-chunk-5-1.pdf Graphic file
 (type pdf)
<use OrdinationReview-SM_files/figure-latex/unnamed-chunk-5-1.pdf>
Package pdftex.def Info: OrdinationReview-SM_files/figure-latex/unnamed-chunk-5
-1.pdf  used on input line 895.
(pdftex.def)             Requested size: 469.75385pt x 469.75385pt.
[20] [21pdfTeX warning (ext4): destination with the same identifier (name{figur
e.11}) has been already used, duplicate ignored
<argument> ...shipout:D \box_use:N \l_shipout_box 
                                                  
l.911 \begin{Shaded}
                     <./OrdinationReview-SM_files/figure-latex/unnamed-chunk-5-
1.pdf>] [22]
<OrdinationReview-SM_files/figure-latex/unnamed-chunk-6-1.pdf, id=242, 578.16pt
 x 289.08pt>
File: OrdinationReview-SM_files/figure-latex/unnamed-chunk-6-1.pdf Graphic file
 (type pdf)
<use OrdinationReview-SM_files/figure-latex/unnamed-chunk-6-1.pdf>
Package pdftex.def Info: OrdinationReview-SM_files/figure-latex/unnamed-chunk-6
-1.pdf  used on input line 1050.
(pdftex.def)             Requested size: 469.75385pt x 234.8769pt.
[23pdfTeX warning (ext4): destination with the same identifier (name{figure.12}
) has been already used, duplicate ignored
<argument> ...shipout:D \box_use:N \l_shipout_box 
                                                  
l.1068 
        <./OrdinationReview-SM_files/figure-latex/unnamed-chunk-6-1.pdf>]
<OrdinationReview-SM_files/figure-latex/plotTikusExample-1.pdf, id=254, 578.16p
t x 578.16pt>
File: OrdinationReview-SM_files/figure-latex/plotTikusExample-1.pdf Graphic fil
e (type pdf)
<use OrdinationReview-SM_files/figure-latex/plotTikusExample-1.pdf>
Package pdftex.def Info: OrdinationReview-SM_files/figure-latex/plotTikusExampl
e-1.pdf  used on input line 1113.
(pdftex.def)             Requested size: 469.75385pt x 469.75385pt.
[24] [25pdfTeX warning (ext4): destination with the same identifier (name{figur
e.13}) has been already used, duplicate ignored
<argument> ...shipout:D \box_use:N \l_shipout_box 
                                                  
l.1131 \begin{Shaded}
                      <./OrdinationReview-SM_files/figure-latex/plotTikusExampl
e-1.pdf>]
<OrdinationReview-SM_files/figure-latex/plotRDAInvert-1.pdf, id=273, 578.16pt x
 289.08pt>
File: OrdinationReview-SM_files/figure-latex/plotRDAInvert-1.pdf Graphic file (
type pdf)
<use OrdinationReview-SM_files/figure-latex/plotRDAInvert-1.pdf>
Package pdftex.def Info: OrdinationReview-SM_files/figure-latex/plotRDAInvert-1
.pdf  used on input line 1148.
(pdftex.def)             Requested size: 469.75385pt x 234.8769pt.
[26pdfTeX warning (ext4): destination with the same identifier (name{figure.14}
) has been already used, duplicate ignored
<argument> ...shipout:D \box_use:N \l_shipout_box 
                                                  
l.1188 \end{Shaded}
                    <./OrdinationReview-SM_files/figure-latex/plotRDAInvert-1.p
df>]
<OrdinationReview-SM_files/figure-latex/unnamed-chunk-7-1.pdf, id=286, 578.16pt
 x 433.62pt>
File: OrdinationReview-SM_files/figure-latex/unnamed-chunk-7-1.pdf Graphic file
 (type pdf)
<use OrdinationReview-SM_files/figure-latex/unnamed-chunk-7-1.pdf>
Package pdftex.def Info: OrdinationReview-SM_files/figure-latex/unnamed-chunk-7
-1.pdf  used on input line 1192.
(pdftex.def)             Requested size: 469.75385pt x 352.31538pt.
[27pdfTeX warning (ext4): destination with the same identifier (name{figure.15}
) has been already used, duplicate ignored
<argument> ...shipout:D \box_use:N \l_shipout_box 
                                                  
l.1209 \begin{Shaded}
                      <./OrdinationReview-SM_files/figure-latex/unnamed-chunk-7
-1.pdf>]
<OrdinationReview-SM_files/figure-latex/unnamed-chunk-8-1.pdf, id=299, 433.62pt
 x 433.62pt>
File: OrdinationReview-SM_files/figure-latex/unnamed-chunk-8-1.pdf Graphic file
 (type pdf)
<use OrdinationReview-SM_files/figure-latex/unnamed-chunk-8-1.pdf>
Package pdftex.def Info: OrdinationReview-SM_files/figure-latex/unnamed-chunk-8
-1.pdf  used on input line 1223.
(pdftex.def)             Requested size: 433.63878pt x 433.63878pt.
[28pdfTeX warning (ext4): destination with the same identifier (name{figure.16}
) has been already used, duplicate ignored
<argument> ...shipout:D \box_use:N \l_shipout_box 
                                                  
l.1240 
        <./OrdinationReview-SM_files/figure-latex/unnamed-chunk-8-1.pdf>]
Overfull \hbox (133.99323pt too wide) in paragraph at lines 1271--1271
[]\T1/lmtt/m/n/10 ## Model: capscale(formula = inverts_hel ~ proportion_silt + 
pasture + din, data = chem_sub_hyp, distance = "bray")[] 
 []

<OrdinationReview-SM_files/figure-latex/plotFullSel-1.pdf, id=312, 469.755pt x 
325.215pt>
File: OrdinationReview-SM_files/figure-latex/plotFullSel-1.pdf Graphic file (ty
pe pdf)
<use OrdinationReview-SM_files/figure-latex/plotFullSel-1.pdf>
Package pdftex.def Info: OrdinationReview-SM_files/figure-latex/plotFullSel-1.p
df  used on input line 1296.
(pdftex.def)             Requested size: 469.75386pt x 325.2142pt.
[29]
Overfull \hbox (448.99231pt too wide) in paragraph at lines 1334--1334
[]\T1/lmtt/m/n/10 ## Model: rda(formula = inverts_hel ~ do + temperature + velo
city + proportion_silt + proportion_macrophyte + proportion_riparian_cover20 + 
pasture + din, data = chem_sub_hyp)[] 
 []

[30pdfTeX warning (ext4): destination with the same identifier (name{figure.17}
) has been already used, duplicate ignored
<argument> ...shipout:D \box_use:N \l_shipout_box 
                                                  
l.1334 \end{verbatim}
                      <./OrdinationReview-SM_files/figure-latex/plotFullSel-1.p
df>]
Overfull \hbox (448.99231pt too wide) in paragraph at lines 1361--1361
[]\T1/lmtt/m/n/10 ## Model: rda(formula = inverts_hel ~ do + temperature + velo
city + proportion_silt + proportion_macrophyte + proportion_riparian_cover20 + 
pasture + din, data = chem_sub_hyp)[] 
 []


Overfull \hbox (448.99231pt too wide) in paragraph at lines 1388--1388
[]\T1/lmtt/m/n/10 ## Model: rda(formula = inverts_hel ~ do + temperature + velo
city + proportion_silt + proportion_macrophyte + proportion_riparian_cover20 + 
pasture + din, data = chem_sub_hyp)[] 
 []

[31] [32]
<OrdinationReview-SM_files/figure-latex/unnamed-chunk-9-1.pdf, id=340, 433.62pt
 x 433.62pt>
File: OrdinationReview-SM_files/figure-latex/unnamed-chunk-9-1.pdf Graphic file
 (type pdf)
<use OrdinationReview-SM_files/figure-latex/unnamed-chunk-9-1.pdf>
Package pdftex.def Info: OrdinationReview-SM_files/figure-latex/unnamed-chunk-9
-1.pdf  used on input line 1506.
(pdftex.def)             Requested size: 433.63878pt x 433.63878pt.
[33] [34pdfTeX warning (ext4): destination with the same identifier (name{figur
e.18}) has been already used, duplicate ignored
<argument> ...shipout:D \box_use:N \l_shipout_box 
                                                  
l.1556 \end{Shaded}
                    <./OrdinationReview-SM_files/figure-latex/unnamed-chunk-9-1
.pdf>]
<OrdinationReview-SM_files/figure-latex/unnamed-chunk-10-1.pdf, id=365, 578.16p
t x 289.08pt>
File: OrdinationReview-SM_files/figure-latex/unnamed-chunk-10-1.pdf Graphic fil
e (type pdf)
<use OrdinationReview-SM_files/figure-latex/unnamed-chunk-10-1.pdf>
Package pdftex.def Info: OrdinationReview-SM_files/figure-latex/unnamed-chunk-1
0-1.pdf  used on input line 1560.
(pdftex.def)             Requested size: 469.75385pt x 234.8769pt.
[35pdfTeX warning (ext4): destination with the same identifier (name{figure.19}
) has been already used, duplicate ignored
<argument> ...shipout:D \box_use:N \l_shipout_box 
                                                  
l.1568 \begin{Shaded}
                      <./OrdinationReview-SM_files/figure-latex/unnamed-chunk-1
0-1.pdf>]
<OrdinationReview-SM_files/figure-latex/mdsTRaj-1.pdf, id=379, 578.16pt x 289.0
8pt>
File: OrdinationReview-SM_files/figure-latex/mdsTRaj-1.pdf Graphic file (type p
df)
<use OrdinationReview-SM_files/figure-latex/mdsTRaj-1.pdf>
Package pdftex.def Info: OrdinationReview-SM_files/figure-latex/mdsTRaj-1.pdf  
used on input line 1585.
(pdftex.def)             Requested size: 469.75385pt x 234.8769pt.
<OrdinationReview-SM_files/figure-latex/unnamed-chunk-11-1.pdf, id=380, 578.16p
t x 289.08pt>
File: OrdinationReview-SM_files/figure-latex/unnamed-chunk-11-1.pdf Graphic fil
e (type pdf)
<use OrdinationReview-SM_files/figure-latex/unnamed-chunk-11-1.pdf>
Package pdftex.def Info: OrdinationReview-SM_files/figure-latex/unnamed-chunk-1
1-1.pdf  used on input line 1597.
(pdftex.def)             Requested size: 469.75385pt x 234.8769pt.
[36pdfTeX warning (ext4): destination with the same identifier (name{figure.20}
) has been already used, duplicate ignored
<argument> ...shipout:D \box_use:N \l_shipout_box 
                                                  
l.1600 
        <./OrdinationReview-SM_files/figure-latex/mdsTRaj-1.pdf>] [37pdfTeX war
ning (ext4): destination with the same identifier (name{figure.21}) has been al
ready used, duplicate ignored
<argument> ...shipout:D \box_use:N \l_shipout_box 
                                                  
l.1659 \end{Shaded}
                    <./OrdinationReview-SM_files/figure-latex/unnamed-chunk-11-
1.pdf>]
<OrdinationReview-SM_files/figure-latex/unnamed-chunk-12-1.pdf, id=409, 578.16p
t x 289.08pt>
File: OrdinationReview-SM_files/figure-latex/unnamed-chunk-12-1.pdf Graphic fil
e (type pdf)
<use OrdinationReview-SM_files/figure-latex/unnamed-chunk-12-1.pdf>
Package pdftex.def Info: OrdinationReview-SM_files/figure-latex/unnamed-chunk-1
2-1.pdf  used on input line 1691.
(pdftex.def)             Requested size: 469.75385pt x 234.8769pt.
[38]
<OrdinationReview-SM_files/figure-latex/permuTablesOp-1.pdf, id=415, 433.62pt x
 433.62pt>
File: OrdinationReview-SM_files/figure-latex/permuTablesOp-1.pdf Graphic file (
type pdf)
<use OrdinationReview-SM_files/figure-latex/permuTablesOp-1.pdf>
Package pdftex.def Info: OrdinationReview-SM_files/figure-latex/permuTablesOp-1
.pdf  used on input line 1705.
(pdftex.def)             Requested size: 433.63878pt x 433.63878pt.
[39pdfTeX warning (ext4): destination with the same identifier (name{figure.22}
) has been already used, duplicate ignored
<argument> ...shipout:D \box_use:N \l_shipout_box 
                                                  
l.1708 
        <./OrdinationReview-SM_files/figure-latex/unnamed-chunk-12-1.pdf>] [40p
dfTeX warning (ext4): destination with the same identifier (name{figure.23}) ha
s been already used, duplicate ignored
<argument> ...shipout:D \box_use:N \l_shipout_box 
                                                  
l.1753 \end{Shaded}
                    <./OrdinationReview-SM_files/figure-latex/permuTablesOp-1.p
df>]
<OrdinationReview-SM_files/figure-latex/unnamed-chunk-13-1.pdf, id=436, 361.35p
t x 289.08pt>
File: OrdinationReview-SM_files/figure-latex/unnamed-chunk-13-1.pdf Graphic fil
e (type pdf)
<use OrdinationReview-SM_files/figure-latex/unnamed-chunk-13-1.pdf>
Package pdftex.def Info: OrdinationReview-SM_files/figure-latex/unnamed-chunk-1
3-1.pdf  used on input line 1757.
(pdftex.def)             Requested size: 361.34912pt x 289.07928pt.
<OrdinationReview-SM_files/figure-latex/unnamed-chunk-14-1.pdf, id=437, 578.16p
t x 289.08pt>
File: OrdinationReview-SM_files/figure-latex/unnamed-chunk-14-1.pdf Graphic fil
e (type pdf)
<use OrdinationReview-SM_files/figure-latex/unnamed-chunk-14-1.pdf>
Package pdftex.def Info: OrdinationReview-SM_files/figure-latex/unnamed-chunk-1
4-1.pdf  used on input line 1764.
(pdftex.def)             Requested size: 469.75385pt x 234.8769pt.
[41pdfTeX warning (ext4): destination with the same identifier (name{figure.24}
) has been already used, duplicate ignored
<argument> ...shipout:D \box_use:N \l_shipout_box 
                                                  
l.1768 
        <./OrdinationReview-SM_files/figure-latex/unnamed-chunk-13-1.pdf>] [42p
dfTeX warning (ext4): destination with the same identifier (name{figure.25}) ha
s been already used, duplicate ignored
<argument> ...shipout:D \box_use:N \l_shipout_box 
                                                  
l.1818 
        <./OrdinationReview-SM_files/figure-latex/unnamed-chunk-14-1.pdf>] [43]
[44] [45] [46] [47] [48] [49] [50] [51] (./OrdinationReview-SM.aux) ) 
Here is how much of TeX's memory you used:
 13301 strings out of 481433
 206614 string characters out of 5918562
 670038 words of memory out of 5000000
 29569 multiletter control sequences out of 15000+600000
 594687 words of font info for 128 fonts, out of 8000000 for 9000
 14 hyphenation exceptions out of 8191
 79i,6n,85p,12195b,480s stack positions out of 5000i,500n,10000p,200000b,80000s
{c:/Users/
Finn/AppData/Roaming/TinyTeX/texmf-dist/fonts/enc/dvips/lm/lm-ec.enc}{c:/Users/
Finn/AppData/Roaming/TinyTeX/texmf-dist/fonts/enc/dvips/lm/lm-mathit.enc}{c:/Us
ers/Finn/AppData/Roaming/TinyTeX/texmf-dist/fonts/enc/dvips/lm/lm-mathsy.enc}{c
:/Users/Finn/AppData/Roaming/TinyTeX/texmf-dist/fonts/enc/dvips/lm/lm-rm.enc}{c
:/Users/Finn/AppData/Roaming/TinyTeX/texmf-dist/fonts/enc/dvips/lm/lm-ts1.enc}<
c:/Users/Finn/AppData/Roaming/TinyTeX/texmf-dist/fonts/type1/public/lm/lmbx10.p
fb><c:/Users/Finn/AppData/Roaming/TinyTeX/texmf-dist/fonts/type1/public/lm/lmbx
12.pfb><c:/Users/Finn/AppData/Roaming/TinyTeX/texmf-dist/fonts/type1/public/lm/
lmmi10.pfb><c:/Users/Finn/AppData/Roaming/TinyTeX/texmf-dist/fonts/type1/public
/lm/lmr10.pfb><c:/Users/Finn/AppData/Roaming/TinyTeX/texmf-dist/fonts/type1/pub
lic/lm/lmr12.pfb><c:/Users/Finn/AppData/Roaming/TinyTeX/texmf-dist/fonts/type1/
public/lm/lmr17.pfb><c:/Users/Finn/AppData/Roaming/TinyTeX/texmf-dist/fonts/typ
e1/public/lm/lmr7.pfb><c:/Users/Finn/AppData/Roaming/TinyTeX/texmf-dist/fonts/t
ype1/public/lm/lmri10.pfb><c:/Users/Finn/AppData/Roaming/TinyTeX/texmf-dist/fon
ts/type1/public/lm/lmsy10.pfb><c:/Users/Finn/AppData/Roaming/TinyTeX/texmf-dist
/fonts/type1/public/lm/lmtk10.pfb><c:/Users/Finn/AppData/Roaming/TinyTeX/texmf-
dist/fonts/type1/public/lm/lmtko10.pfb><c:/Users/Finn/AppData/Roaming/TinyTeX/t
exmf-dist/fonts/type1/public/lm/lmtt10.pfb><c:/Users/Finn/AppData/Roaming/TinyT
eX/texmf-dist/fonts/type1/public/lm/lmtti10.pfb>
Output written on OrdinationReview-SM.pdf (51 pages, 17881561 bytes).
PDF statistics:
 678 PDF objects out of 1000 (max. 8388607)
 553 compressed objects within 6 object streams
 140 named destinations out of 1000 (max. 500000)
 12598 words of extra memory for PDF output out of 14400 (max. 10000000)

